android/first_trail/gradleBuild/outputs/logs/manifest-merger-debug-report.txt
-- Merging decision tree log ---
manifest
ADDED from sabdha/android/AndroidManifest.xml:18:1-88:12
MERGED from [org.tensorflow:tensorflow-android:1.11.0-rc1] AndroidManifest.xml:2:1-8:12
	package
		ADDED from sabdha/android/AndroidManifest.xml:19:5-34
	xmlns:android
		ADDED from sabdha/android/AndroidManifest.xml:18:11-69
uses-permission#android.permission.CAMERA
ADDED from sabdha/android/AndroidManifest.xml:21:5-65
	android:name
		ADDED from sabdha/android/AndroidManifest.xml:21:22-62
uses-feature#android.hardware.camera
ADDED from sabdha/android/AndroidManifest.xml:22:5-60
	android:name
		ADDED from sabdha/android/AndroidManifest.xml:22:19-57
uses-feature#android.hardware.camera.autofocus
ADDED from sabdha/android/AndroidManifest.xml:23:5-70
	android:name
		ADDED from sabdha/android/AndroidManifest.xml:23:19-67
uses-permission#android.permission.WRITE_EXTERNAL_STORAGE
ADDED from sabdha/android/AndroidManifest.xml:24:5-80
	android:name
		ADDED from sabdha/android/AndroidManifest.xml:24:22-78
uses-permission#android.permission.RECORD_AUDIO
ADDED from sabdha/android/AndroidManifest.xml:25:5-71
	android:name
		ADDED from sabdha/android/AndroidManifest.xml:25:22-68
application
ADDED from sabdha/android/AndroidManifest.xml:31:5-86:19
MERGED from [org.tensorflow:tensorflow-android:1.11.0-rc1] AndroidManifest.xml:5:5-6:19
MERGED from [org.tensorflow:tensorflow-android:1.11.0-rc1] AndroidManifest.xml:5:5-6:19
	android:label
		ADDED from sabdha/android/AndroidManifest.xml:33:9-41
	android:debuggable
		ADDED from sabdha/android/AndroidManifest.xml:32:9-34
	android:icon
		ADDED from sabdha/android/AndroidManifest.xml:34:9-45
	android:allowBackup
		ADDED from sabdha/android/AndroidManifest.xml:31:18-44
	android:theme
		ADDED from sabdha/android/AndroidManifest.xml:35:9-45
activity#org.tensorflow.demo.SpeechActivity
ADDED from sabdha/android/AndroidManifest.xml:77:9-85:20
	android:screenOrientation
		ADDED from sabdha/android/AndroidManifest.xml:78:13-49
	android:label
		ADDED from sabdha/android/AndroidManifest.xml:79:13-57
	android:name
		ADDED from sabdha/android/AndroidManifest.xml:77:19-68
intent-filter#action:name:android.intent.action.MAIN+category:name:android.intent.category.LAUNCHER+category:name:android.intent.category.LEANBACK_LAUNCHER
ADDED from sabdha/android/AndroidManifest.xml:80:13-84:29
action#android.intent.action.MAIN
ADDED from sabdha/android/AndroidManifest.xml:81:17-69
	android:name
		ADDED from sabdha/android/AndroidManifest.xml:81:25-66
category#android.intent.category.LAUNCHER
ADDED from sabdha/android/AndroidManifest.xml:82:17-77
	android:name
		ADDED from sabdha/android/AndroidManifest.xml:82:27-74
category#android.intent.category.LEANBACK_LAUNCHER
ADDED from sabdha/android/AndroidManifest.xml:83:17-86
	android:name
		ADDED from sabdha/android/AndroidManifest.xml:83:27-83
uses-sdk
INJECTED from sabdha/android/AndroidManifest.xml reason: use-sdk injection requested
INJECTED from sabdha/android/AndroidManifest.xml
INJECTED from sabdha/android/AndroidManifest.xml
	android:minSdkVersion
		INJECTED from sabdha/android/AndroidManifest.xml
		ADDED from sabdha/android/AndroidManifest.xml
		INJECTED from sabdha/android/AndroidManifest.xml